<?xml version="1.0" encoding="UTF-8"?>
<!-- Generated by org.testng.reporters.JUnitReportReporter -->
<testsuite hostname="DESKTOP-4Q5FIJN" failures="0" tests="4" name="testing_java" time="3.636" errors="0" timestamp="2021-05-17T16:51:47 PST" skipped="0">
  <testcase classname="testing_java" name="btest_patch" time="0.725"/>
  <system-out/>
  <testcase classname="testing_java" name="dtest_del" time="0.768"/>
  <system-out/>
  <testcase classname="testing_java" name="atest_post" time="1.806"/>
  <system-out/>
  <testcase classname="testing_java" name="ctest_get" time="0.337"/>
  <system-out/>
</testsuite> <!-- testing_java -->
